{
  "RSpec": {
    "coverage": {
      "/home/jmorales/railsprojects/taco_manager/app/controllers/food_places_controller.rb": [
        null,
        1,
        1,
        1,
        1,
        null,
        1,
        6,
        6,
        6,
        null,
        null,
        1,
        null,
        null,
        1,
        2,
        null,
        null,
        1,
        2,
        2,
        1,
        1,
        null,
        1,
        1,
        null,
        null,
        null,
        1,
        2,
        null,
        null,
        1,
        6,
        2,
        2,
        2,
        2,
        2,
        4,
        3,
        3,
        null,
        1,
        1,
        null,
        null,
        null,
        1,
        1,
        1,
        null,
        null,
        1,
        null,
        1,
        10,
        null,
        null,
        1,
        8,
        null,
        null,
        null,
        1,
        14,
        null,
        null,
        null,
        null,
        null
      ],
      "/home/jmorales/railsprojects/taco_manager/app/controllers/application_controller.rb": [
        null,
        1,
        1,
        null,
        1,
        null,
        1,
        2,
        null,
        null,
        1,
        9,
        null,
        null,
        null,
        1,
        null,
        1,
        0,
        0,
        0,
        null,
        null,
        1,
        0,
        null,
        null,
        null,
        0,
        null,
        null,
        0,
        null,
        null,
        null,
        null
      ],
      "/home/jmorales/railsprojects/taco_manager/app/controllers/home_controller.rb": [
        null,
        1,
        1,
        null,
        3,
        3,
        null,
        null,
        null
      ],
      "/home/jmorales/railsprojects/taco_manager/app/controllers/menu_options_controller.rb": [
        null,
        1,
        1,
        1,
        1,
        null,
        1,
        null,
        null,
        1,
        2,
        null,
        null,
        1,
        2,
        2,
        1,
        1,
        null,
        1,
        1,
        null,
        null,
        null,
        1,
        null,
        null,
        1,
        2,
        1,
        1,
        null,
        1,
        1,
        null,
        null,
        null,
        1,
        1,
        1,
        null,
        null,
        1,
        null,
        1,
        5,
        null,
        null,
        1,
        9,
        null,
        null,
        1,
        4,
        null,
        null
      ],
      "/home/jmorales/railsprojects/taco_manager/app/controllers/orders_controller.rb": [
        null,
        1,
        1,
        1,
        1,
        1,
        1,
        1,
        null,
        1,
        4,
        null,
        null,
        1,
        3,
        2,
        null,
        null,
        1,
        2,
        null,
        null,
        1,
        2,
        2,
        1,
        1,
        1,
        1,
        1,
        1,
        null,
        null,
        null,
        1,
        1,
        null,
        null,
        null,
        1,
        null,
        null,
        1,
        2,
        1,
        1,
        1,
        1,
        1,
        null,
        1,
        1,
        null,
        null,
        null,
        1,
        1,
        1,
        null,
        null,
        1,
        null,
        1,
        7,
        null,
        null,
        1,
        4,
        null,
        null,
        1,
        3,
        null,
        null,
        1,
        1,
        2,
        1,
        1,
        1,
        1,
        null,
        2,
        null,
        null,
        null,
        1,
        1,
        null,
        null,
        1,
        2,
        null,
        null,
        1,
        2,
        2,
        2,
        2,
        4,
        4,
        null,
        2,
        null,
        null,
        1,
        4,
        null,
        null,
        null,
        null,
        null,
        null
      ],
      "/home/jmorales/railsprojects/taco_manager/app/models/food_place.rb": [
        null,
        1,
        1,
        1,
        1,
        null,
        1,
        null,
        null,
        1,
        null,
        1,
        1,
        null,
        1,
        57,
        null,
        null
      ],
      "/home/jmorales/railsprojects/taco_manager/app/uploaders/food_place_uploader.rb": [
        null,
        1,
        1,
        null,
        1,
        0,
        null,
        null,
        1,
        1,
        null,
        null,
        1,
        1,
        null,
        null,
        1,
        1,
        null,
        null,
        null
      ],
      "/home/jmorales/railsprojects/taco_manager/app/mailers/user_mail.rb": [
        1,
        1,
        1,
        null,
        1,
        1,
        1,
        1,
        1,
        null,
        null
      ],
      "/home/jmorales/railsprojects/taco_manager/app/models/menu_option.rb": [
        null,
        1,
        1,
        null,
        1,
        null,
        1,
        null,
        1,
        null
      ],
      "/home/jmorales/railsprojects/taco_manager/app/uploaders/menu_option_uploader.rb": [
        null,
        1,
        1,
        null,
        1,
        0,
        null,
        null,
        1,
        1,
        null,
        null
      ],
      "/home/jmorales/railsprojects/taco_manager/app/models/ability.rb": [
        null,
        1,
        1,
        null,
        1,
        9,
        9,
        2,
        null,
        7,
        7,
        null,
        null,
        null,
        null
      ],
      "/home/jmorales/railsprojects/taco_manager/app/models/order.rb": [
        null,
        1,
        1,
        1,
        1,
        null,
        1,
        null,
        1,
        null,
        null
      ],
      "/home/jmorales/railsprojects/taco_manager/app/models/menu_line_item.rb": [
        null,
        1,
        1,
        1,
        1,
        null
      ]
    },
    "timestamp": 1404230801
  },
  "Cucumber Features": {
    "coverage": {
      "/home/jmorales/railsprojects/taco_manager/app/controllers/home_controller.rb": [
        null,
        1,
        1,
        null,
        15,
        15,
        null,
        null,
        null
      ],
      "/home/jmorales/railsprojects/taco_manager/app/controllers/application_controller.rb": [
        null,
        1,
        1,
        null,
        1,
        null,
        1,
        0,
        null,
        null,
        1,
        5,
        null,
        null,
        null,
        1,
        null,
        1,
        7,
        7,
        7,
        null,
        null,
        1,
        7,
        null,
        null,
        null,
        7,
        null,
        null,
        7,
        null,
        null,
        null,
        null
      ],
      "/home/jmorales/railsprojects/taco_manager/app/helpers/application_helper.rb": [
        null,
        1,
        1,
        22,
        null,
        null,
        1,
        0,
        null,
        null,
        1,
        11,
        null,
        null
      ],
      "/home/jmorales/railsprojects/taco_manager/app/models/food_place.rb": [
        null,
        1,
        1,
        1,
        1,
        null,
        1,
        null,
        null,
        1,
        null,
        1,
        1,
        null,
        1,
        6,
        null,
        null
      ],
      "/home/jmorales/railsprojects/taco_manager/app/uploaders/food_place_uploader.rb": [
        null,
        1,
        1,
        null,
        1,
        0,
        null,
        null,
        1,
        1,
        null,
        null,
        1,
        1,
        null,
        null,
        1,
        1,
        null,
        null,
        null
      ],
      "/home/jmorales/railsprojects/taco_manager/app/controllers/food_places_controller.rb": [
        null,
        1,
        1,
        1,
        1,
        null,
        1,
        3,
        3,
        3,
        null,
        null,
        1,
        null,
        null,
        1,
        1,
        null,
        null,
        1,
        1,
        1,
        1,
        1,
        null,
        0,
        0,
        null,
        null,
        null,
        1,
        0,
        null,
        null,
        1,
        0,
        0,
        0,
        0,
        0,
        0,
        0,
        0,
        0,
        null,
        0,
        0,
        null,
        null,
        null,
        1,
        0,
        0,
        null,
        null,
        1,
        null,
        1,
        2,
        null,
        null,
        1,
        0,
        null,
        null,
        null,
        1,
        1,
        null,
        null,
        null,
        null,
        null
      ],
      "/home/jmorales/railsprojects/taco_manager/app/models/menu_option.rb": [
        null,
        1,
        1,
        null,
        1,
        null,
        1,
        null,
        1,
        null
      ],
      "/home/jmorales/railsprojects/taco_manager/app/uploaders/menu_option_uploader.rb": [
        null,
        1,
        1,
        null,
        1,
        0,
        null,
        null,
        1,
        1,
        null,
        null
      ],
      "/home/jmorales/railsprojects/taco_manager/app/controllers/orders_controller.rb": [
        null,
        1,
        1,
        1,
        1,
        1,
        1,
        1,
        null,
        1,
        4,
        null,
        null,
        1,
        1,
        1,
        null,
        null,
        1,
        1,
        null,
        null,
        1,
        1,
        1,
        1,
        1,
        1,
        1,
        1,
        1,
        null,
        null,
        null,
        0,
        0,
        null,
        null,
        null,
        1,
        null,
        null,
        1,
        1,
        1,
        1,
        1,
        1,
        1,
        null,
        0,
        0,
        null,
        null,
        null,
        1,
        0,
        0,
        null,
        null,
        1,
        null,
        1,
        5,
        null,
        null,
        1,
        4,
        null,
        null,
        1,
        4,
        null,
        null,
        1,
        1,
        0,
        0,
        0,
        0,
        0,
        null,
        0,
        null,
        null,
        null,
        1,
        3,
        null,
        null,
        1,
        1,
        null,
        null,
        1,
        1,
        1,
        1,
        1,
        0,
        0,
        null,
        1,
        null,
        null,
        1,
        2,
        null,
        null,
        null,
        null,
        null,
        null
      ],
      "/home/jmorales/railsprojects/taco_manager/app/models/order.rb": [
        null,
        1,
        1,
        1,
        1,
        null,
        1,
        null,
        1,
        null,
        null
      ],
      "/home/jmorales/railsprojects/taco_manager/app/models/ability.rb": [
        null,
        1,
        1,
        null,
        1,
        5,
        5,
        0,
        null,
        5,
        5,
        null,
        null,
        null,
        null
      ],
      "/home/jmorales/railsprojects/taco_manager/app/mailers/user_mail.rb": [
        1,
        1,
        1,
        null,
        1,
        1,
        1,
        1,
        1,
        null,
        null
      ],
      "/home/jmorales/railsprojects/taco_manager/app/models/menu_line_item.rb": [
        null,
        1,
        1,
        1,
        1,
        null
      ]
    },
    "timestamp": 1404229144
  }
}
